                                      1 ;--------------------------------------------------------
                                      2 ; File Created by SDCC : free open source ANSI-C Compiler
                                      3 ; Version 3.8.0 #10562 (Linux)
                                      4 ;--------------------------------------------------------
                                      5 	.module main
                                      6 	.optsdcc -mstm8
                                      7 	
                                      8 ;--------------------------------------------------------
                                      9 ; Public variables in this module
                                     10 ;--------------------------------------------------------
                                     11 	.globl _main
                                     12 	.globl _lcd_demo
                                     13 	.globl _gpio_config
                                     14 	.globl _clock_config_16MHz
                                     15 	.globl _delay_ms
                                     16 	.globl _lcd_bl_on
                                     17 	.globl _lcd_print_integer
                                     18 	.globl _lcd_print_string
                                     19 	.globl _lcd_set_cursor
                                     20 	.globl _lcd_clear
                                     21 	.globl _lcd_init
                                     22 	.globl _GPIO_WriteLow
                                     23 	.globl _GPIO_WriteHigh
                                     24 	.globl _GPIO_Init
                                     25 	.globl _GPIO_DeInit
                                     26 	.globl _CLK_GetFlagStatus
                                     27 	.globl _CLK_GetClockFreq
                                     28 	.globl _CLK_SYSCLKConfig
                                     29 	.globl _CLK_HSIPrescalerConfig
                                     30 	.globl _CLK_ClockSwitchConfig
                                     31 	.globl _CLK_PeripheralClockConfig
                                     32 	.globl _CLK_ClockSwitchCmd
                                     33 	.globl _CLK_LSICmd
                                     34 	.globl _CLK_HSICmd
                                     35 	.globl _CLK_HSECmd
                                     36 	.globl _CLK_DeInit
                                     37 ;--------------------------------------------------------
                                     38 ; ram data
                                     39 ;--------------------------------------------------------
                                     40 	.area DATA
                                     41 ;--------------------------------------------------------
                                     42 ; ram data
                                     43 ;--------------------------------------------------------
                                     44 	.area INITIALIZED
                                     45 ;--------------------------------------------------------
                                     46 ; Stack segment in internal ram 
                                     47 ;--------------------------------------------------------
                                     48 	.area	SSEG
      000000                         49 __start__stack:
      000000                         50 	.ds	1
                                     51 
                                     52 ;--------------------------------------------------------
                                     53 ; absolute external ram data
                                     54 ;--------------------------------------------------------
                                     55 	.area DABS (ABS)
                                     56 
                                     57 ; default segment ordering for linker
                                     58 	.area HOME
                                     59 	.area GSINIT
                                     60 	.area GSFINAL
                                     61 	.area CONST
                                     62 	.area INITIALIZER
                                     63 	.area CODE
                                     64 
                                     65 ;--------------------------------------------------------
                                     66 ; interrupt vector 
                                     67 ;--------------------------------------------------------
                                     68 	.area HOME
      000000                         69 __interrupt_vect:
      000000 82v00u00u00             70 	int s_GSINIT ; reset
                                     71 ;--------------------------------------------------------
                                     72 ; global & static initialisations
                                     73 ;--------------------------------------------------------
                                     74 	.area HOME
                                     75 	.area GSINIT
                                     76 	.area GSFINAL
                                     77 	.area GSINIT
      000000                         78 __sdcc_gs_init_startup:
      000000                         79 __sdcc_init_data:
                                     80 ; stm8_genXINIT() start
      000000 AEr00r00         [ 2]   81 	ldw x, #l_DATA
      000003 27 07            [ 1]   82 	jreq	00002$
      000005                         83 00001$:
      000005 72 4FuFFuFF      [ 1]   84 	clr (s_DATA - 1, x)
      000009 5A               [ 2]   85 	decw x
      00000A 26 F9            [ 1]   86 	jrne	00001$
      00000C                         87 00002$:
      00000C AEr00r00         [ 2]   88 	ldw	x, #l_INITIALIZER
      00000F 27 09            [ 1]   89 	jreq	00004$
      000011                         90 00003$:
      000011 D6uFFuFF         [ 1]   91 	ld	a, (s_INITIALIZER - 1, x)
      000014 D7uFFuFF         [ 1]   92 	ld	(s_INITIALIZED - 1, x), a
      000017 5A               [ 2]   93 	decw	x
      000018 26 F7            [ 1]   94 	jrne	00003$
      00001A                         95 00004$:
                                     96 ; stm8_genXINIT() end
                                     97 	.area GSFINAL
      000000 CCr00r04         [ 2]   98 	jp	__sdcc_program_startup
                                     99 ;--------------------------------------------------------
                                    100 ; Home
                                    101 ;--------------------------------------------------------
                                    102 	.area HOME
                                    103 	.area HOME
      000004                        104 __sdcc_program_startup:
      000004 CCr00rAA         [ 2]  105 	jp	_main
                                    106 ;	return from main will return to caller
                                    107 ;--------------------------------------------------------
                                    108 ; code
                                    109 ;--------------------------------------------------------
                                    110 	.area CODE
                                    111 ;	main.c: 11: void clock_config_16MHz()
                                    112 ;	-----------------------------------------
                                    113 ;	 function clock_config_16MHz
                                    114 ;	-----------------------------------------
      000000                        115 _clock_config_16MHz:
                                    116 ;	main.c: 13: CLK_DeInit();
      000000 CDr00r00         [ 4]  117 	call	_CLK_DeInit
                                    118 ;	main.c: 14: CLK_HSECmd(DISABLE);
      000003 4B 00            [ 1]  119 	push	#0x00
      000005 CDr00r00         [ 4]  120 	call	_CLK_HSECmd
      000008 84               [ 1]  121 	pop	a
                                    122 ;	main.c: 15: CLK_LSICmd(DISABLE);
      000009 4B 00            [ 1]  123 	push	#0x00
      00000B CDr00r00         [ 4]  124 	call	_CLK_LSICmd
      00000E 84               [ 1]  125 	pop	a
                                    126 ;	main.c: 16: CLK_HSICmd(ENABLE);
      00000F 4B 01            [ 1]  127 	push	#0x01
      000011 CDr00r00         [ 4]  128 	call	_CLK_HSICmd
      000014 84               [ 1]  129 	pop	a
                                    130 ;	main.c: 17: while (CLK_GetFlagStatus(CLK_FLAG_HSIRDY) == FALSE)
      000015                        131 00101$:
      000015 4B 02            [ 1]  132 	push	#0x02
      000017 4B 01            [ 1]  133 	push	#0x01
      000019 CDr00r00         [ 4]  134 	call	_CLK_GetFlagStatus
      00001C 85               [ 2]  135 	popw	x
      00001D 4D               [ 1]  136 	tnz	a
      00001E 27 F5            [ 1]  137 	jreq	00101$
                                    138 ;	main.c: 19: CLK_ClockSwitchCmd(ENABLE);
      000020 4B 01            [ 1]  139 	push	#0x01
      000022 CDr00r00         [ 4]  140 	call	_CLK_ClockSwitchCmd
      000025 84               [ 1]  141 	pop	a
                                    142 ;	main.c: 20: CLK_HSIPrescalerConfig(CLK_PRESCALER_HSIDIV1);
      000026 4B 00            [ 1]  143 	push	#0x00
      000028 CDr00r00         [ 4]  144 	call	_CLK_HSIPrescalerConfig
      00002B 84               [ 1]  145 	pop	a
                                    146 ;	main.c: 21: CLK_SYSCLKConfig(CLK_PRESCALER_CPUDIV1);
      00002C 4B 80            [ 1]  147 	push	#0x80
      00002E CDr00r00         [ 4]  148 	call	_CLK_SYSCLKConfig
      000031 84               [ 1]  149 	pop	a
                                    150 ;	main.c: 22: CLK_ClockSwitchConfig(CLK_SWITCHMODE_AUTO, CLK_SOURCE_HSI,
      000032 4B 01            [ 1]  151 	push	#0x01
      000034 4B 00            [ 1]  152 	push	#0x00
      000036 4B E1            [ 1]  153 	push	#0xe1
      000038 4B 01            [ 1]  154 	push	#0x01
      00003A CDr00r00         [ 4]  155 	call	_CLK_ClockSwitchConfig
      00003D 5B 04            [ 2]  156 	addw	sp, #4
                                    157 ;	main.c: 25: CLK_PeripheralClockConfig(CLK_PERIPHERAL_I2C, ENABLE);
      00003F 4B 01            [ 1]  158 	push	#0x01
      000041 4B 00            [ 1]  159 	push	#0x00
      000043 CDr00r00         [ 4]  160 	call	_CLK_PeripheralClockConfig
      000046 85               [ 2]  161 	popw	x
                                    162 ;	main.c: 26: }
      000047 81               [ 4]  163 	ret
                                    164 ;	main.c: 28: void gpio_config()
                                    165 ;	-----------------------------------------
                                    166 ;	 function gpio_config
                                    167 ;	-----------------------------------------
      000048                        168 _gpio_config:
                                    169 ;	main.c: 30: GPIO_DeInit(GPIOB);
      000048 4B 05            [ 1]  170 	push	#0x05
      00004A 4B 50            [ 1]  171 	push	#0x50
      00004C CDr00r00         [ 4]  172 	call	_GPIO_DeInit
      00004F 85               [ 2]  173 	popw	x
                                    174 ;	main.c: 31: GPIO_Init(GPIOB, GPIO_PIN_4, GPIO_MODE_OUT_OD_HIZ_FAST);
      000050 4B B0            [ 1]  175 	push	#0xb0
      000052 4B 10            [ 1]  176 	push	#0x10
      000054 4B 05            [ 1]  177 	push	#0x05
      000056 4B 50            [ 1]  178 	push	#0x50
      000058 CDr00r00         [ 4]  179 	call	_GPIO_Init
      00005B 5B 04            [ 2]  180 	addw	sp, #4
                                    181 ;	main.c: 32: GPIO_Init(GPIOB, GPIO_PIN_5, GPIO_MODE_OUT_OD_HIZ_FAST);
      00005D 4B B0            [ 1]  182 	push	#0xb0
      00005F 4B 20            [ 1]  183 	push	#0x20
      000061 4B 05            [ 1]  184 	push	#0x05
      000063 4B 50            [ 1]  185 	push	#0x50
      000065 CDr00r00         [ 4]  186 	call	_GPIO_Init
      000068 5B 04            [ 2]  187 	addw	sp, #4
                                    188 ;	main.c: 34: GPIO_DeInit(GPIOD);
      00006A 4B 0F            [ 1]  189 	push	#0x0f
      00006C 4B 50            [ 1]  190 	push	#0x50
      00006E CDr00r00         [ 4]  191 	call	_GPIO_DeInit
      000071 85               [ 2]  192 	popw	x
                                    193 ;	main.c: 35: GPIO_Init(GPIOD, GPIO_PIN_3, GPIO_MODE_OUT_PP_HIGH_FAST);
      000072 4B F0            [ 1]  194 	push	#0xf0
      000074 4B 08            [ 1]  195 	push	#0x08
      000076 4B 0F            [ 1]  196 	push	#0x0f
      000078 4B 50            [ 1]  197 	push	#0x50
      00007A CDr00r00         [ 4]  198 	call	_GPIO_Init
      00007D 5B 04            [ 2]  199 	addw	sp, #4
                                    200 ;	main.c: 36: }
      00007F 81               [ 4]  201 	ret
                                    202 ;	main.c: 38: void lcd_demo()
                                    203 ;	-----------------------------------------
                                    204 ;	 function lcd_demo
                                    205 ;	-----------------------------------------
      000080                        206 _lcd_demo:
                                    207 ;	main.c: 40: lcd_init();
      000080 CDr00r00         [ 4]  208 	call	_lcd_init
                                    209 ;	main.c: 41: lcd_clear();
      000083 CDr00r00         [ 4]  210 	call	_lcd_clear
                                    211 ;	main.c: 42: lcd_bl_on(); // Back light on
      000086 CDr00r00         [ 4]  212 	call	_lcd_bl_on
                                    213 ;	main.c: 43: lcd_set_cursor(0, 0);
      000089 4B 00            [ 1]  214 	push	#0x00
      00008B 4B 00            [ 1]  215 	push	#0x00
      00008D CDr00r00         [ 4]  216 	call	_lcd_set_cursor
      000090 85               [ 2]  217 	popw	x
                                    218 ;	main.c: 44: lcd_print_string("STM8 1602a TEST");
      000091 4Br00            [ 1]  219 	push	#<___str_0
      000093 4Bs00            [ 1]  220 	push	#(___str_0 >> 8)
      000095 CDr00r00         [ 4]  221 	call	_lcd_print_string
      000098 85               [ 2]  222 	popw	x
                                    223 ;	main.c: 45: lcd_set_cursor(1, 0);
      000099 4B 00            [ 1]  224 	push	#0x00
      00009B 4B 01            [ 1]  225 	push	#0x01
      00009D CDr00r00         [ 4]  226 	call	_lcd_set_cursor
      0000A0 85               [ 2]  227 	popw	x
                                    228 ;	main.c: 46: lcd_print_string("MHz:");
      0000A1 4Br10            [ 1]  229 	push	#<___str_1
      0000A3 4Bs00            [ 1]  230 	push	#(___str_1 >> 8)
      0000A5 CDr00r00         [ 4]  231 	call	_lcd_print_string
      0000A8 85               [ 2]  232 	popw	x
                                    233 ;	main.c: 47: }
      0000A9 81               [ 4]  234 	ret
                                    235 ;	main.c: 49: int main()
                                    236 ;	-----------------------------------------
                                    237 ;	 function main
                                    238 ;	-----------------------------------------
      0000AA                        239 _main:
      0000AA 52 08            [ 2]  240 	sub	sp, #8
                                    241 ;	main.c: 53: clock_config_16MHz();
      0000AC CDr00r00         [ 4]  242 	call	_clock_config_16MHz
                                    243 ;	main.c: 55: gpio_config();
      0000AF CDr00r48         [ 4]  244 	call	_gpio_config
                                    245 ;	main.c: 57: lcd_demo();
      0000B2 CDr00r80         [ 4]  246 	call	_lcd_demo
                                    247 ;	main.c: 59: count = CLK_GetClockFreq() / 1000000;
      0000B5 CDr00r00         [ 4]  248 	call	_CLK_GetClockFreq
      0000B8 4B 40            [ 1]  249 	push	#0x40
      0000BA 4B 42            [ 1]  250 	push	#0x42
      0000BC 4B 0F            [ 1]  251 	push	#0x0f
      0000BE 4B 00            [ 1]  252 	push	#0x00
      0000C0 89               [ 2]  253 	pushw	x
      0000C1 90 89            [ 2]  254 	pushw	y
      0000C3 CDr00r00         [ 4]  255 	call	__divulong
      0000C6 5B 08            [ 2]  256 	addw	sp, #8
      0000C8 17 05            [ 2]  257 	ldw	(0x05, sp), y
                                    258 ;	main.c: 60: lcd_set_cursor(1, 4);
      0000CA 89               [ 2]  259 	pushw	x
      0000CB 4B 04            [ 1]  260 	push	#0x04
      0000CD 4B 01            [ 1]  261 	push	#0x01
      0000CF CDr00r00         [ 4]  262 	call	_lcd_set_cursor
      0000D2 85               [ 2]  263 	popw	x
      0000D3 85               [ 2]  264 	popw	x
                                    265 ;	main.c: 61: lcd_print_integer(count, 0);
      0000D4 4B 00            [ 1]  266 	push	#0x00
      0000D6 89               [ 2]  267 	pushw	x
      0000D7 1E 08            [ 2]  268 	ldw	x, (0x08, sp)
      0000D9 89               [ 2]  269 	pushw	x
      0000DA CDr00r00         [ 4]  270 	call	_lcd_print_integer
      0000DD 5B 05            [ 2]  271 	addw	sp, #5
                                    272 ;	main.c: 65: while (1)
      0000DF 5F               [ 1]  273 	clrw	x
      0000E0 1F 03            [ 2]  274 	ldw	(0x03, sp), x
      0000E2 1F 01            [ 2]  275 	ldw	(0x01, sp), x
      0000E4                        276 00102$:
                                    277 ;	main.c: 67: lcd_set_cursor(1, 7);
      0000E4 4B 07            [ 1]  278 	push	#0x07
      0000E6 4B 01            [ 1]  279 	push	#0x01
      0000E8 CDr00r00         [ 4]  280 	call	_lcd_set_cursor
      0000EB 85               [ 2]  281 	popw	x
                                    282 ;	main.c: 68: lcd_print_integer(count, 0);
      0000EC 4B 00            [ 1]  283 	push	#0x00
      0000EE 1E 04            [ 2]  284 	ldw	x, (0x04, sp)
      0000F0 89               [ 2]  285 	pushw	x
      0000F1 1E 04            [ 2]  286 	ldw	x, (0x04, sp)
      0000F3 89               [ 2]  287 	pushw	x
      0000F4 CDr00r00         [ 4]  288 	call	_lcd_print_integer
      0000F7 5B 05            [ 2]  289 	addw	sp, #5
                                    290 ;	main.c: 69: count++;
      0000F9 1E 03            [ 2]  291 	ldw	x, (0x03, sp)
      0000FB 5C               [ 1]  292 	incw	x
      0000FC 1F 03            [ 2]  293 	ldw	(0x03, sp), x
      0000FE 26 05            [ 1]  294 	jrne	00111$
      000100 1E 01            [ 2]  295 	ldw	x, (0x01, sp)
      000102 5C               [ 1]  296 	incw	x
      000103 1F 01            [ 2]  297 	ldw	(0x01, sp), x
      000105                        298 00111$:
                                    299 ;	main.c: 71: GPIO_WriteHigh(GPIOD, GPIO_PIN_3);
      000105 4B 08            [ 1]  300 	push	#0x08
      000107 4B 0F            [ 1]  301 	push	#0x0f
      000109 4B 50            [ 1]  302 	push	#0x50
      00010B CDr00r00         [ 4]  303 	call	_GPIO_WriteHigh
      00010E 5B 03            [ 2]  304 	addw	sp, #3
                                    305 ;	main.c: 72: delay_ms(500);
      000110 4B F4            [ 1]  306 	push	#0xf4
      000112 4B 01            [ 1]  307 	push	#0x01
      000114 CDr00r00         [ 4]  308 	call	_delay_ms
      000117 85               [ 2]  309 	popw	x
                                    310 ;	main.c: 73: GPIO_WriteLow(GPIOD, GPIO_PIN_3);
      000118 4B 08            [ 1]  311 	push	#0x08
      00011A 4B 0F            [ 1]  312 	push	#0x0f
      00011C 4B 50            [ 1]  313 	push	#0x50
      00011E CDr00r00         [ 4]  314 	call	_GPIO_WriteLow
      000121 5B 03            [ 2]  315 	addw	sp, #3
                                    316 ;	main.c: 74: delay_ms(500);
      000123 4B F4            [ 1]  317 	push	#0xf4
      000125 4B 01            [ 1]  318 	push	#0x01
      000127 CDr00r00         [ 4]  319 	call	_delay_ms
      00012A 85               [ 2]  320 	popw	x
      00012B 20 B7            [ 2]  321 	jra	00102$
                                    322 ;	main.c: 78: }
      00012D 5B 08            [ 2]  323 	addw	sp, #8
      00012F 81               [ 4]  324 	ret
                                    325 	.area CODE
                                    326 	.area CONST
      000000                        327 ___str_0:
      000000 53 54 4D 38 20 31 36   328 	.ascii "STM8 1602a TEST"
             30 32 61 20 54 45 53
             54
      00000F 00                     329 	.db 0x00
      000010                        330 ___str_1:
      000010 4D 48 7A 3A            331 	.ascii "MHz:"
      000014 00                     332 	.db 0x00
                                    333 	.area INITIALIZER
                                    334 	.area CABS (ABS)
